# JRE version: Java(TM) SE Runtime Environment (8.0_45-b15) (build 1.8.0_45-b15)
# Java VM: Java HotSpot(TM) 64-Bit Server VM (25.45-b02 mixed mode windows-amd64 compressed oops)
Heap:
 PSYoungGen      total 174080K, used 24334K [0x00000000d5980000, 0x00000000e3200000, 0x0000000100000000)
  eden space 165888K, 9% used [0x00000000d5980000,0x00000000d6944030,0x00000000dfb80000)
  from space 8192K, 99% used [0x00000000e0580000,0x00000000e0d7f920,0x00000000e0d80000)
  to   space 10240K, 0% used [0x00000000dfb80000,0x00000000dfb80000,0x00000000e0580000)
 ParOldGen       total 55296K, used 9414K [0x0000000080c00000, 0x0000000084200000, 0x00000000d5980000)
  object space 55296K, 17% used [0x0000000080c00000,0x00000000815318f0,0x0000000084200000)
 Metaspace       used 30102K, capacity 30428K, committed 30720K, reserved 1077248K
  class space    used 3713K, capacity 3803K, committed 3840K, reserved 1048576K
GC Heap History (10 events):
Event: 7.218 GC heap before
{Heap before GC invocations=5 (full 0):
 PSYoungGen      total 71680K, used 49527K [0x00000000d5980000, 0x00000000da480000, 0x0000000100000000)
  eden space 66560K, 66% used [0x00000000d5980000,0x00000000d84e4e20,0x00000000d9a80000)
  from space 5120K, 99% used [0x00000000d9f80000,0x00000000da479098,0x00000000da480000)
  to   space 5120K, 0% used [0x00000000d9a80000,0x00000000d9a80000,0x00000000d9f80000)
 ParOldGen       total 87552K, used 1946K [0x0000000080c00000, 0x0000000086180000, 0x00000000d5980000)
  object space 87552K, 2% used [0x0000000080c00000,0x0000000080de6bc8,0x0000000086180000)
 Metaspace       used 20901K, capacity 21138K, committed 21296K, reserved 1069056K
  class space    used 2551K, capacity 2628K, committed 2688K, reserved 1048576K
Event: 7.234 GC heap after
Heap after GC invocations=5 (full 0):
 PSYoungGen      total 71680K, used 5119K [0x00000000d5980000, 0x00000000deb80000, 0x0000000100000000)
  eden space 66560K, 0% used [0x00000000d5980000,0x00000000d5980000,0x00000000d9a80000)
  from space 5120K, 99% used [0x00000000d9a80000,0x00000000d9f7ff08,0x00000000d9f80000)
  to   space 8192K, 0% used [0x00000000de380000,0x00000000de380000,0x00000000deb80000)
 ParOldGen       total 87552K, used 4231K [0x0000000080c00000, 0x0000000086180000, 0x00000000d5980000)
  object space 87552K, 4% used [0x0000000080c00000,0x0000000081021c30,0x0000000086180000)
 Metaspace       used 20901K, capacity 21138K, committed 21296K, reserved 1069056K
  class space    used 2551K, capacity 2628K, committed 2688K, reserved 1048576K
}
Event: 7.234 GC heap before
{Heap before GC invocations=6 (full 1):
 PSYoungGen      total 71680K, used 5119K [0x00000000d5980000, 0x00000000deb80000, 0x0000000100000000)
  eden space 66560K, 0% used [0x00000000d5980000,0x00000000d5980000,0x00000000d9a80000)
  from space 5120K, 99% used [0x00000000d9a80000,0x00000000d9f7ff08,0x00000000d9f80000)
  to   space 8192K, 0% used [0x00000000de380000,0x00000000de380000,0x00000000deb80000)
 ParOldGen       total 87552K, used 4231K [0x0000000080c00000, 0x0000000086180000, 0x00000000d5980000)
  object space 87552K, 4% used [0x0000000080c00000,0x0000000081021c30,0x0000000086180000)
 Metaspace       used 20901K, capacity 21138K, committed 21296K, reserved 1069056K
  class space    used 2551K, capacity 2628K, committed 2688K, reserved 1048576K
Event: 7.296 GC heap after
Heap after GC invocations=6 (full 1):
 PSYoungGen      total 71680K, used 0K [0x00000000d5980000, 0x00000000deb80000, 0x0000000100000000)
  eden space 66560K, 0% used [0x00000000d5980000,0x00000000d5980000,0x00000000d9a80000)
  from space 5120K, 0% used [0x00000000d9a80000,0x00000000d9a80000,0x00000000d9f80000)
  to   space 8192K, 0% used [0x00000000de380000,0x00000000de380000,0x00000000deb80000)
 ParOldGen       total 55296K, used 7269K [0x0000000080c00000, 0x0000000084200000, 0x00000000d5980000)
  object space 55296K, 13% used [0x0000000080c00000,0x0000000081319588,0x0000000084200000)
 Metaspace       used 20901K, capacity 21138K, committed 21296K, reserved 1069056K
  class space    used 2551K, capacity 2628K, committed 2688K, reserved 1048576K
}
Event: 9.045 GC heap before
{Heap before GC invocations=7 (full 1):
 PSYoungGen      total 71680K, used 66560K [0x00000000d5980000, 0x00000000deb80000, 0x0000000100000000)
  eden space 66560K, 100% used [0x00000000d5980000,0x00000000d9a80000,0x00000000d9a80000)
  from space 5120K, 0% used [0x00000000d9a80000,0x00000000d9a80000,0x00000000d9f80000)
  to   space 8192K, 0% used [0x00000000de380000,0x00000000de380000,0x00000000deb80000)
 ParOldGen       total 55296K, used 7269K [0x0000000080c00000, 0x0000000084200000, 0x00000000d5980000)
  object space 55296K, 13% used [0x0000000080c00000,0x0000000081319588,0x0000000084200000)
 Metaspace       used 23280K, capacity 23594K, committed 23808K, reserved 1071104K
  class space    used 2859K, capacity 2952K, committed 3072K, reserved 1048576K
Event: 9.052 GC heap after
Heap after GC invocations=7 (full 1):
 PSYoungGen      total 111104K, used 4215K [0x00000000d5980000, 0x00000000de800000, 0x0000000100000000)
  eden space 106496K, 0% used [0x00000000d5980000,0x00000000d5980000,0x00000000dc180000)
  from space 4608K, 91% used [0x00000000de380000,0x00000000de79dcd8,0x00000000de800000)
  to   space 8192K, 0% used [0x00000000dd800000,0x00000000dd800000,0x00000000de000000)
 ParOldGen       total 55296K, used 7277K [0x0000000080c00000, 0x0000000084200000, 0x00000000d5980000)
  object space 55296K, 13% used [0x0000000080c00000,0x000000008131b588,0x0000000084200000)
 Metaspace       used 23280K, capacity 23594K, committed 23808K, reserved 1071104K
  class space    used 2859K, capacity 2952K, committed 3072K, reserved 1048576K
}
Event: 9.806 GC heap before
{Heap before GC invocations=8 (full 1):
 PSYoungGen      total 111104K, used 110711K [0x00000000d5980000, 0x00000000de800000, 0x0000000100000000)
  eden space 106496K, 100% used [0x00000000d5980000,0x00000000dc180000,0x00000000dc180000)
  from space 4608K, 91% used [0x00000000de380000,0x00000000de79dcd8,0x00000000de800000)
  to   space 8192K, 0% used [0x00000000dd800000,0x00000000dd800000,0x00000000de000000)
 ParOldGen       total 55296K, used 7277K [0x0000000080c00000, 0x0000000084200000, 0x00000000d5980000)
  object space 55296K, 13% used [0x0000000080c00000,0x000000008131b588,0x0000000084200000)
 Metaspace       used 23914K, capacity 24212K, committed 24576K, reserved 1071104K
  class space    used 2937K, capacity 3023K, committed 3072K, reserved 1048576K
Event: 9.813 GC heap after
Heap after GC invocations=8 (full 1):
 PSYoungGen      total 137728K, used 4571K [0x00000000d5980000, 0x00000000e0d80000, 0x0000000100000000)
  eden space 129536K, 0% used [0x00000000d5980000,0x00000000d5980000,0x00000000dd800000)
  from space 8192K, 55% used [0x00000000dd800000,0x00000000ddc76ee0,0x00000000de000000)
  to   space 8192K, 0% used [0x00000000e0580000,0x00000000e0580000,0x00000000e0d80000)
 ParOldGen       total 55296K, used 7285K [0x0000000080c00000, 0x0000000084200000, 0x00000000d5980000)
  object space 55296K, 13% used [0x0000000080c00000,0x000000008131d588,0x0000000084200000)
 Metaspace       used 23914K, capacity 24212K, committed 24576K, reserved 1071104K
  class space    used 2937K, capacity 3023K, committed 3072K, reserved 1048576K
}
Event: 11.414 GC heap before
{Heap before GC invocations=9 (full 1):
 PSYoungGen      total 137728K, used 134107K [0x00000000d5980000, 0x00000000e0d80000, 0x0000000100000000)
  eden space 129536K, 100% used [0x00000000d5980000,0x00000000dd800000,0x00000000dd800000)
  from space 8192K, 55% used [0x00000000dd800000,0x00000000ddc76ee0,0x00000000de000000)
  to   space 8192K, 0% used [0x00000000e0580000,0x00000000e0580000,0x00000000e0d80000)
 ParOldGen       total 55296K, used 7285K [0x0000000080c00000, 0x0000000084200000, 0x00000000d5980000)
  object space 55296K, 13% used [0x0000000080c00000,0x000000008131d588,0x0000000084200000)
 Metaspace       used 28497K, capacity 28828K, committed 29056K, reserved 1075200K
  class space    used 3507K, capacity 3611K, committed 3712K, reserved 1048576K
Event: 11.426 GC heap after
Heap after GC invocations=9 (full 1):
 PSYoungGen      total 174080K, used 8190K [0x00000000d5980000, 0x00000000e3200000, 0x0000000100000000)
  eden space 165888K, 0% used [0x00000000d5980000,0x00000000d5980000,0x00000000dfb80000)
  from space 8192K, 99% used [0x00000000e0580000,0x00000000e0d7f920,0x00000000e0d80000)
  to   space 10240K, 0% used [0x00000000dfb80000,0x00000000dfb80000,0x00000000e0580000)
 ParOldGen       total 55296K, used 9414K [0x0000000080c00000, 0x0000000084200000, 0x00000000d5980000)
  object space 55296K, 17% used [0x0000000080c00000,0x00000000815318f0,0x0000000084200000)
 Metaspace       used 28497K, capacity 28828K, committed 29056K, reserved 1075200K
  class space    used 3507K, capacity 3611K, committed 3712K, reserved 1048576K
}

